# JRE version: Java(TM) SE Runtime Environment (8.0_161-b12) (build 1.8.0_161-b12)
# Java VM: Java HotSpot(TM) 64-Bit Server VM (25.161-b12 mixed mode windows-amd64 compressed oops)
Heap:
 PSYoungGen      total 286208K, used 255957K [0x000000076b700000, 0x000000077eb00000, 0x00000007c0000000)
  eden space 265728K, 96% used [0x000000076b700000,0x000000077b0f5798,0x000000077ba80000)
  from space 20480K, 0% used [0x000000077d700000,0x000000077d700000,0x000000077eb00000)
  to   space 23040K, 0% used [0x000000077be00000,0x000000077be00000,0x000000077d480000)
 ParOldGen       total 216064K, used 34178K [0x00000006c2400000, 0x00000006cf700000, 0x000000076b700000)
  object space 216064K, 15% used [0x00000006c2400000,0x00000006c4560ad8,0x00000006cf700000)
 Metaspace       used 63357K, capacity 66554K, committed 66816K, reserved 1107968K
  class space    used 8693K, capacity 9203K, committed 9216K, reserved 1048576K
GC Heap History (10 events):
Event: 11.667 GC heap before
{Heap before GC invocations=9 (full 2):
 PSYoungGen      total 163840K, used 15870K [0x000000076b700000, 0x000000077a900000, 0x00000007c0000000)
  eden space 147968K, 0% used [0x000000076b700000,0x000000076b700000,0x0000000774780000)
  from space 15872K, 99% used [0x0000000774780000,0x00000007756ff9b0,0x0000000775700000)
  to   space 18944K, 0% used [0x0000000779680000,0x0000000779680000,0x000000077a900000)
 ParOldGen       total 102912K, used 14284K [0x00000006c2400000, 0x00000006c8880000, 0x000000076b700000)
  object space 102912K, 13% used [0x00000006c2400000,0x00000006c31f3008,0x00000006c8880000)
 Metaspace       used 33855K, capacity 35394K, committed 35496K, reserved 1079296K
  class space    used 4459K, capacity 4792K, committed 4864K, reserved 1048576K
Event: 11.703 GC heap after
Heap after GC invocations=9 (full 2):
 PSYoungGen      total 163840K, used 0K [0x000000076b700000, 0x000000077a900000, 0x00000007c0000000)
  eden space 147968K, 0% used [0x000000076b700000,0x000000076b700000,0x0000000774780000)
  from space 15872K, 0% used [0x0000000774780000,0x0000000774780000,0x0000000775700000)
  to   space 18944K, 0% used [0x0000000779680000,0x0000000779680000,0x000000077a900000)
 ParOldGen       total 162816K, used 22264K [0x00000006c2400000, 0x00000006cc300000, 0x000000076b700000)
  object space 162816K, 13% used [0x00000006c2400000,0x00000006c39be0b8,0x00000006cc300000)
 Metaspace       used 33855K, capacity 35394K, committed 35496K, reserved 1079296K
  class space    used 4459K, capacity 4792K, committed 4864K, reserved 1048576K
}
Event: 12.535 GC heap before
{Heap before GC invocations=10 (full 2):
 PSYoungGen      total 163840K, used 147968K [0x000000076b700000, 0x000000077a900000, 0x00000007c0000000)
  eden space 147968K, 100% used [0x000000076b700000,0x0000000774780000,0x0000000774780000)
  from space 15872K, 0% used [0x0000000774780000,0x0000000774780000,0x0000000775700000)
  to   space 18944K, 0% used [0x0000000779680000,0x0000000779680000,0x000000077a900000)
 ParOldGen       total 162816K, used 22264K [0x00000006c2400000, 0x00000006cc300000, 0x000000076b700000)
  object space 162816K, 13% used [0x00000006c2400000,0x00000006c39be0b8,0x00000006cc300000)
 Metaspace       used 46547K, capacity 48282K, committed 48512K, reserved 1091584K
  class space    used 6434K, capacity 6778K, committed 6784K, reserved 1048576K
Event: 12.544 GC heap after
Heap after GC invocations=10 (full 2):
 PSYoungGen      total 228352K, used 14526K [0x000000076b700000, 0x000000077ba00000, 0x00000007c0000000)
  eden space 209408K, 0% used [0x000000076b700000,0x000000076b700000,0x0000000778380000)
  from space 18944K, 76% used [0x0000000779680000,0x000000077a4af958,0x000000077a900000)
  to   space 19456K, 0% used [0x0000000778380000,0x0000000778380000,0x0000000779680000)
 ParOldGen       total 162816K, used 22272K [0x00000006c2400000, 0x00000006cc300000, 0x000000076b700000)
  object space 162816K, 13% used [0x00000006c2400000,0x00000006c39c00b8,0x00000006cc300000)
 Metaspace       used 46547K, capacity 48282K, committed 48512K, reserved 1091584K
  class space    used 6434K, capacity 6778K, committed 6784K, reserved 1048576K
}
Event: 13.442 GC heap before
{Heap before GC invocations=11 (full 2):
 PSYoungGen      total 228352K, used 223934K [0x000000076b700000, 0x000000077ba00000, 0x00000007c0000000)
  eden space 209408K, 100% used [0x000000076b700000,0x0000000778380000,0x0000000778380000)
  from space 18944K, 76% used [0x0000000779680000,0x000000077a4af958,0x000000077a900000)
  to   space 19456K, 0% used [0x0000000778380000,0x0000000778380000,0x0000000779680000)
 ParOldGen       total 162816K, used 22272K [0x00000006c2400000, 0x00000006cc300000, 0x000000076b700000)
  object space 162816K, 13% used [0x00000006c2400000,0x00000006c39c00b8,0x00000006cc300000)
 Metaspace       used 52070K, capacity 54604K, committed 54912K, reserved 1095680K
  class space    used 7242K, capacity 7709K, committed 7808K, reserved 1048576K
Event: 13.451 GC heap after
Heap after GC invocations=11 (full 2):
 PSYoungGen      total 228864K, used 16236K [0x000000076b700000, 0x000000077eb00000, 0x00000007c0000000)
  eden space 209408K, 0% used [0x000000076b700000,0x000000076b700000,0x0000000778380000)
  from space 19456K, 83% used [0x0000000778380000,0x000000077935b378,0x0000000779680000)
  to   space 20480K, 0% used [0x000000077d700000,0x000000077d700000,0x000000077eb00000)
 ParOldGen       total 162816K, used 22280K [0x00000006c2400000, 0x00000006cc300000, 0x000000076b700000)
  object space 162816K, 13% used [0x00000006c2400000,0x00000006c39c20b8,0x00000006cc300000)
 Metaspace       used 52070K, capacity 54604K, committed 54912K, reserved 1095680K
  class space    used 7242K, capacity 7709K, committed 7808K, reserved 1048576K
}
Event: 33.341 GC heap before
{Heap before GC invocations=12 (full 2):
 PSYoungGen      total 228864K, used 206642K [0x000000076b700000, 0x000000077eb00000, 0x00000007c0000000)
  eden space 209408K, 90% used [0x000000076b700000,0x00000007770f1680,0x0000000778380000)
  from space 19456K, 83% used [0x0000000778380000,0x000000077935b378,0x0000000779680000)
  to   space 20480K, 0% used [0x000000077d700000,0x000000077d700000,0x000000077eb00000)
 ParOldGen       total 162816K, used 22280K [0x00000006c2400000, 0x00000006cc300000, 0x000000076b700000)
  object space 162816K, 13% used [0x00000006c2400000,0x00000006c39c20b8,0x00000006cc300000)
 Metaspace       used 56432K, capacity 59056K, committed 59160K, reserved 1099776K
  class space    used 7799K, capacity 8238K, committed 8320K, reserved 1048576K
Event: 33.353 GC heap after
Heap after GC invocations=12 (full 2):
 PSYoungGen      total 286208K, used 20259K [0x000000076b700000, 0x000000077eb00000, 0x00000007c0000000)
  eden space 265728K, 0% used [0x000000076b700000,0x000000076b700000,0x000000077ba80000)
  from space 20480K, 98% used [0x000000077d700000,0x000000077eac8f68,0x000000077eb00000)
  to   space 23040K, 0% used [0x000000077be00000,0x000000077be00000,0x000000077d480000)
 ParOldGen       total 162816K, used 22288K [0x00000006c2400000, 0x00000006cc300000, 0x000000076b700000)
  object space 162816K, 13% used [0x00000006c2400000,0x00000006c39c40b8,0x00000006cc300000)
 Metaspace       used 56432K, capacity 59056K, committed 59160K, reserved 1099776K
  class space    used 7799K, capacity 8238K, committed 8320K, reserved 1048576K
}
Event: 33.353 GC heap before
{Heap before GC invocations=13 (full 3):
 PSYoungGen      total 286208K, used 20259K [0x000000076b700000, 0x000000077eb00000, 0x00000007c0000000)
  eden space 265728K, 0% used [0x000000076b700000,0x000000076b700000,0x000000077ba80000)
  from space 20480K, 98% used [0x000000077d700000,0x000000077eac8f68,0x000000077eb00000)
  to   space 23040K, 0% used [0x000000077be00000,0x000000077be00000,0x000000077d480000)
 ParOldGen       total 162816K, used 22288K [0x00000006c2400000, 0x00000006cc300000, 0x000000076b700000)
  object space 162816K, 13% used [0x00000006c2400000,0x00000006c39c40b8,0x00000006cc300000)
 Metaspace       used 56432K, capacity 59056K, committed 59160K, reserved 1099776K
  class space    used 7799K, capacity 8238K, committed 8320K, reserved 1048576K
Event: 33.454 GC heap after
Heap after GC invocations=13 (full 3):
 PSYoungGen      total 286208K, used 0K [0x000000076b700000, 0x000000077eb00000, 0x00000007c0000000)
  eden space 265728K, 0% used [0x000000076b700000,0x000000076b700000,0x000000077ba80000)
  from space 20480K, 0% used [0x000000077d700000,0x000000077d700000,0x000000077eb00000)
  to   space 23040K, 0% used [0x000000077be00000,0x000000077be00000,0x000000077d480000)
 ParOldGen       total 216064K, used 34178K [0x00000006c2400000, 0x00000006cf700000, 0x000000076b700000)
  object space 216064K, 15% used [0x00000006c2400000,0x00000006c4560ad8,0x00000006cf700000)
 Metaspace       used 56432K, capacity 59056K, committed 59160K, reserved 1099776K
  class space    used 7799K, capacity 8238K, committed 8320K, reserved 1048576K
}

